18:25:28.394 [main] DEBUG org.wso2.carbon.docker.JavaWebArtifactImageHandler - Creating new DockerClient.
18:25:28.990 [main] DEBUG org.wso2.carbon.docker.JavaWebArtifactImageHandler - Creating new DockerClient[docker-client]: com.spotify.docker.client.DefaultDockerClient@4606d632.
18:26:17.004 [main] DEBUG org.wso2.carbon.docker.JavaWebArtifactImageHandler - Creating a new Apache Tomcat based Docker image for the [web-artifact] helloworld.war web artifact.
18:26:22.062 [main] DEBUG org.wso2.carbon.docker.JavaWebArtifactImageHandler - Created a new Apache Tomcat based Docker image for the [web-artifact] helloworld.war web artifact.
18:26:25.063 [main] DEBUG org.wso2.carbon.kubernetes.tomcat.components.replication_controllers.TomcatReplicationControllerHandler - Creating Kubernetes replication controller [controller-name] app-wso2-com [pod-label] app-wso2-com [pod-Docker-image-name] wso2-com/app:1.0-2015-09-03T18:26:16.936+05:30
18:26:26.293 [main] DEBUG org.wso2.carbon.kubernetes.tomcat.components.replication_controllers.TomcatReplicationControllerHandler - Created Kubernetes replication controller [controller-name] app-wso2-com [pod-label] app-wso2-com [pod-Docker-image-name] wso2-com/app:1.0-2015-09-03T18:26:16.936+05:30
18:26:26.293 [main] DEBUG org.wso2.carbon.kubernetes.tomcat.components.services.TomcatServiceHandler - Creating Kubernetes service [service-ID] app-wso2-com [service-name] app-wso2-com 
18:26:26.915 [main] DEBUG org.wso2.carbon.kubernetes.tomcat.components.services.TomcatServiceHandler - Created Kubernetes service [service-ID] app-wso2-com [service-name] app-wso2-com 
18:28:47.359 [main] DEBUG org.wso2.carbon.kubernetes.tomcat.components.replication_controllers.TomcatReplicationControllerHandler - Deleting Kubernetes replication controller [rc-name] app-wso2-com
18:28:47.414 [main] DEBUG org.wso2.carbon.kubernetes.tomcat.components.replication_controllers.TomcatReplicationControllerHandler - Deleting Kubernetes replication controller [rc-name] app-wso2-com
18:28:47.414 [main] DEBUG org.wso2.carbon.kubernetes.tomcat.components.pods.TomcatPodHandler - Deleting Kubernetes replica pods.
18:28:47.963 [main] DEBUG org.wso2.carbon.kubernetes.tomcat.components.pods.TomcatPodHandler - Deleted Kubernetes replica pods.
18:28:47.963 [main] DEBUG org.wso2.carbon.kubernetes.tomcat.components.services.TomcatServiceHandler - Deleting Kubernetes service [service-ID] app-wso2-com
18:28:48.453 [main] DEBUG org.wso2.carbon.kubernetes.tomcat.components.services.TomcatServiceHandler - Deleted Kubernetes service [service-ID] app-wso2-com
18:40:38.995 [main] DEBUG org.wso2.carbon.docker.JavaWebArtifactImageHandler - Creating new DockerClient.
18:40:39.182 [main] DEBUG org.wso2.carbon.docker.JavaWebArtifactImageHandler - Creating new DockerClient[docker-client]: com.spotify.docker.client.DefaultDockerClient@6ad89088.
18:41:13.109 [main] DEBUG org.wso2.carbon.docker.JavaWebArtifactImageHandler - Creating a new Apache Tomcat based Docker image for the [web-artifact] sample.war web artifact.
18:41:15.197 [main] DEBUG org.wso2.carbon.docker.JavaWebArtifactImageHandler - Created a new Apache Tomcat based Docker image for the [web-artifact] sample.war web artifact.
18:41:18.198 [main] DEBUG org.wso2.carbon.kubernetes.tomcat.components.replication_controllers.TomcatReplicationControllerHandler - Creating Kubernetes replication controller [controller-name] application-wso2-com [pod-label] application-wso2-com [pod-Docker-image-name] wso2-com/application:1.0-2015-9-3 67273055
18:41:18.806 [main] DEBUG org.wso2.carbon.kubernetes.tomcat.components.replication_controllers.TomcatReplicationControllerHandler - Created Kubernetes replication controller [controller-name] application-wso2-com [pod-label] application-wso2-com [pod-Docker-image-name] wso2-com/application:1.0-2015-9-3 67273055
18:41:18.806 [main] DEBUG org.wso2.carbon.kubernetes.tomcat.components.services.TomcatServiceHandler - Creating Kubernetes service [service-ID] application-wso2-com [service-name] application-wso2-com 
18:41:19.355 [main] DEBUG org.wso2.carbon.kubernetes.tomcat.components.services.TomcatServiceHandler - Created Kubernetes service [service-ID] application-wso2-com [service-name] application-wso2-com 
18:42:05.803 [main] DEBUG org.wso2.carbon.kubernetes.tomcat.components.replication_controllers.TomcatReplicationControllerHandler - Deleting Kubernetes replication controller [rc-name] application-wso2-com
18:42:05.865 [main] DEBUG org.wso2.carbon.kubernetes.tomcat.components.replication_controllers.TomcatReplicationControllerHandler - Deleting Kubernetes replication controller [rc-name] application-wso2-com
18:42:05.866 [main] DEBUG org.wso2.carbon.kubernetes.tomcat.components.pods.TomcatPodHandler - Deleting Kubernetes replica pods.
18:42:06.402 [main] DEBUG org.wso2.carbon.kubernetes.tomcat.components.pods.TomcatPodHandler - Deleted Kubernetes replica pods.
18:42:06.402 [main] DEBUG org.wso2.carbon.kubernetes.tomcat.components.services.TomcatServiceHandler - Deleting Kubernetes service [service-ID] application-wso2-com
18:42:06.841 [main] DEBUG org.wso2.carbon.kubernetes.tomcat.components.services.TomcatServiceHandler - Deleted Kubernetes service [service-ID] application-wso2-com
18:57:05.129 [main] DEBUG org.wso2.carbon.docker.JavaWebArtifactImageHandler - Creating new DockerClient.
18:57:05.669 [main] DEBUG org.wso2.carbon.docker.JavaWebArtifactImageHandler - Creating new DockerClient[docker-client]: com.spotify.docker.client.DefaultDockerClient@33c5e45b.
18:58:33.842 [main] DEBUG org.wso2.carbon.docker.JavaWebArtifactImageHandler - Creating new DockerClient.
18:58:34.419 [main] DEBUG org.wso2.carbon.docker.JavaWebArtifactImageHandler - Creating new DockerClient[docker-client]: com.spotify.docker.client.DefaultDockerClient@3381a3ba.
19:03:40.450 [main] DEBUG org.wso2.carbon.docker.JavaWebArtifactImageHandler - Creating new DockerClient.
19:03:41.022 [main] DEBUG org.wso2.carbon.docker.JavaWebArtifactImageHandler - Creating new DockerClient[docker-client]: com.spotify.docker.client.DefaultDockerClient@42422c1.
19:18:46.799 [main] DEBUG org.wso2.carbon.docker.JavaWebArtifactImageHandler - Creating new DockerClient.
19:18:46.981 [main] DEBUG org.wso2.carbon.docker.JavaWebArtifactImageHandler - Creating new DockerClient[docker-client]: com.spotify.docker.client.DefaultDockerClient@5f775831.
19:19:04.508 [main] DEBUG org.wso2.carbon.docker.JavaWebArtifactImageHandler - Creating new DockerClient.
19:19:05.035 [main] DEBUG org.wso2.carbon.docker.JavaWebArtifactImageHandler - Creating new DockerClient[docker-client]: com.spotify.docker.client.DefaultDockerClient@6065af06.
10:40:28.814 [main] DEBUG org.wso2.carbon.docker.JavaWebArtifactImageHandler - Creating new DockerClient.
10:40:29.082 [main] DEBUG org.wso2.carbon.docker.JavaWebArtifactImageHandler - Creating new DockerClient[docker-client]: com.spotify.docker.client.DefaultDockerClient@3863d857.
10:41:25.379 [main] DEBUG org.wso2.carbon.docker.JavaWebArtifactImageHandler - New Dockerfile created for /home/chiranga/WSO2CarbonIDEA/XWebAppTest/sample/sample.war.
10:41:25.381 [main] DEBUG org.wso2.carbon.docker.JavaWebArtifactImageHandler - Creating a new Apache Tomcat based Docker image for the [web-artifact] sample.war web artifact.
10:41:28.380 [main] DEBUG org.wso2.carbon.docker.JavaWebArtifactImageHandler - Created a new Apache Tomcat based Docker image for the [web-artifact] sample.war web artifact.
10:41:30.381 [main] DEBUG org.wso2.carbon.kubernetes.tomcat.components.replication_controllers.TomcatReplicationControllerHandler - Creating Kubernetes replication controller [controller-name] app-carbon-com [pod-label] app-carbon-com [pod-Docker-image-name] carbon-com/app:1.0-2015-9-4-38485330
10:41:31.076 [main] DEBUG org.wso2.carbon.kubernetes.tomcat.components.replication_controllers.TomcatReplicationControllerHandler - Created Kubernetes replication controller [controller-name] app-carbon-com [pod-label] app-carbon-com [pod-Docker-image-name] carbon-com/app:1.0-2015-9-4-38485330
10:41:31.076 [main] DEBUG org.wso2.carbon.kubernetes.tomcat.components.services.TomcatServiceHandler - Creating Kubernetes service [service-ID] app-carbon-com [service-name] app-carbon-com 
10:41:31.698 [main] DEBUG org.wso2.carbon.kubernetes.tomcat.components.services.TomcatServiceHandler - Created Kubernetes service [service-ID] app-carbon-com [service-name] app-carbon-com 
10:45:44.134 [main] DEBUG org.wso2.carbon.kubernetes.tomcat.components.replication_controllers.TomcatReplicationControllerHandler - Deleting Kubernetes replication controller [rc-name] app-carbon-com
10:45:44.216 [main] DEBUG org.wso2.carbon.kubernetes.tomcat.components.replication_controllers.TomcatReplicationControllerHandler - Deleting Kubernetes replication controller [rc-name] app-carbon-com
10:45:44.216 [main] DEBUG org.wso2.carbon.kubernetes.tomcat.components.pods.TomcatPodHandler - Deleting Kubernetes replica pods.
10:45:44.796 [main] DEBUG org.wso2.carbon.kubernetes.tomcat.components.pods.TomcatPodHandler - Deleted Kubernetes replica pods.
10:45:44.797 [main] DEBUG org.wso2.carbon.kubernetes.tomcat.components.services.TomcatServiceHandler - Deleting Kubernetes service [service-ID] app-carbon-com
10:45:45.286 [main] DEBUG org.wso2.carbon.kubernetes.tomcat.components.services.TomcatServiceHandler - Deleted Kubernetes service [service-ID] app-carbon-com
11:44:37.404 [main] DEBUG org.wso2.carbon.docker.JavaWebArtifactImageHandler - Creating new DockerClient.
11:44:37.678 [main] DEBUG org.wso2.carbon.docker.JavaWebArtifactImageHandler - Creating new DockerClient[docker-client]: com.spotify.docker.client.DefaultDockerClient@250bff2d.
11:45:53.194 [main] DEBUG org.wso2.carbon.docker.JavaWebArtifactImageHandler - Creating a new Apache Tomcat based Docker image for the [web-artifact] sample.war web artifact.
11:45:54.297 [main] DEBUG org.wso2.carbon.docker.JavaWebArtifactImageHandler - Created a new Apache Tomcat based Docker image for the [web-artifact] sample.war web artifact.
11:45:56.297 [main] DEBUG org.wso2.carbon.kubernetes.tomcat.components.replication_controllers.TomcatReplicationControllerHandler - Creating Kubernetes replication controller [controller-name] app-carbon-com [pod-label] app-carbon-com [pod-Docker-image-name] carbon-com/app:1.0-2015-9-4-42353140
11:45:56.882 [main] DEBUG org.wso2.carbon.kubernetes.tomcat.components.replication_controllers.TomcatReplicationControllerHandler - Created Kubernetes replication controller [controller-name] app-carbon-com [pod-label] app-carbon-com [pod-Docker-image-name] carbon-com/app:1.0-2015-9-4-42353140
11:45:56.882 [main] DEBUG org.wso2.carbon.kubernetes.tomcat.components.services.TomcatServiceHandler - Creating Kubernetes service [service-ID] app-carbon-com [service-name] app-carbon-com 
11:45:57.460 [main] DEBUG org.wso2.carbon.kubernetes.tomcat.components.services.TomcatServiceHandler - Created Kubernetes service [service-ID] app-carbon-com [service-name] app-carbon-com 
11:52:15.616 [main] DEBUG org.wso2.carbon.docker.JavaWebArtifactImageHandler - Creating new DockerClient.
11:52:15.829 [main] DEBUG org.wso2.carbon.docker.JavaWebArtifactImageHandler - Creating new DockerClient[docker-client]: com.spotify.docker.client.DefaultDockerClient@62e34b49.
11:56:24.797 [main] DEBUG org.wso2.carbon.docker.JavaWebArtifactImageHandler - Creating new DockerClient.
11:56:25.035 [main] DEBUG org.wso2.carbon.docker.JavaWebArtifactImageHandler - Creating new DockerClient[docker-client]: com.spotify.docker.client.DefaultDockerClient@3863d857.
11:58:16.468 [main] DEBUG org.wso2.carbon.docker.JavaWebArtifactImageHandler - Creating new DockerClient.
11:58:16.683 [main] DEBUG org.wso2.carbon.docker.JavaWebArtifactImageHandler - Creating new DockerClient[docker-client]: com.spotify.docker.client.DefaultDockerClient@33e592d9.
11:59:23.921 [main] DEBUG org.wso2.carbon.docker.JavaWebArtifactImageHandler - Creating new DockerClient.
11:59:24.122 [main] DEBUG org.wso2.carbon.docker.JavaWebArtifactImageHandler - Creating new DockerClient[docker-client]: com.spotify.docker.client.DefaultDockerClient@5273bd7.
12:00:06.817 [main] DEBUG org.wso2.carbon.kubernetes.tomcat.components.replication_controllers.TomcatReplicationControllerHandler - Deleting Kubernetes replication controller [rc-name] app-carbon-com
12:00:06.880 [main] DEBUG org.wso2.carbon.kubernetes.tomcat.components.replication_controllers.TomcatReplicationControllerHandler - Deleting Kubernetes replication controller [rc-name] app-carbon-com
12:00:06.880 [main] DEBUG org.wso2.carbon.kubernetes.tomcat.components.services.TomcatServiceHandler - Deleting Kubernetes service [service-ID] app-carbon-com
12:00:07.268 [main] DEBUG org.wso2.carbon.kubernetes.tomcat.components.services.TomcatServiceHandler - Deleted Kubernetes service [service-ID] app-carbon-com
12:00:07.269 [main] DEBUG org.wso2.carbon.kubernetes.tomcat.components.replication_controllers.TomcatReplicationControllerHandler - Creating Kubernetes replication controller [controller-name] app-carbon-com [pod-label] app-carbon-com [pod-Docker-image-name] carbon-com/app:1.0-2015-9-4-38485330
12:00:07.391 [main] DEBUG org.wso2.carbon.kubernetes.tomcat.components.replication_controllers.TomcatReplicationControllerHandler - Created Kubernetes replication controller [controller-name] app-carbon-com [pod-label] app-carbon-com [pod-Docker-image-name] carbon-com/app:1.0-2015-9-4-38485330
12:00:07.391 [main] DEBUG org.wso2.carbon.kubernetes.tomcat.components.services.TomcatServiceHandler - Creating Kubernetes service [service-ID] app-carbon-com [service-name] app-carbon-com 
12:00:07.628 [main] DEBUG org.wso2.carbon.kubernetes.tomcat.components.services.TomcatServiceHandler - Created Kubernetes service [service-ID] app-carbon-com [service-name] app-carbon-com 
12:01:23.743 [main] DEBUG org.wso2.carbon.docker.JavaWebArtifactImageHandler - Creating a new Apache Tomcat based Docker image for the [web-artifact] sample.war web artifact.
12:01:23.824 [main] DEBUG org.wso2.carbon.docker.JavaWebArtifactImageHandler - Created a new Apache Tomcat based Docker image for the [web-artifact] sample.war web artifact.
12:01:25.824 [main] DEBUG org.wso2.carbon.kubernetes.tomcat.components.replication_controllers.TomcatReplicationControllerHandler - Creating Kubernetes replication controller [controller-name] app-carbon-com [pod-label] app-carbon-com [pod-Docker-image-name] carbon-com/app:1.0-2015-9-4-43283700
12:01:26.097 [main] ERROR org.wso2.carbon.kubernetes.tomcat.components.replication_controllers.TomcatReplicationControllerHandler - Could not create the replication controller[rc-identifier]: app-carbon-com
javax.ws.rs.WebApplicationException: HTTP 409 replicationControllers "app-carbon-com" already exists
	at io.fabric8.kubernetes.api.ExceptionResponseMapper.fromResponse(ExceptionResponseMapper.java:40) ~[kubernetes-api-2.2.16.jar:2.2.16]
	at io.fabric8.kubernetes.api.ExceptionResponseMapper.fromResponse(ExceptionResponseMapper.java:31) ~[kubernetes-api-2.2.16.jar:2.2.16]
	at org.apache.cxf.jaxrs.client.ClientProxyImpl.checkResponse(ClientProxyImpl.java:302) ~[cxf-rt-rs-client-3.0.4.jar:3.0.4]
	at org.apache.cxf.jaxrs.client.ClientProxyImpl.handleResponse(ClientProxyImpl.java:725) ~[cxf-rt-rs-client-3.0.4.jar:3.0.4]
	at org.apache.cxf.jaxrs.client.ClientProxyImpl.doChainedInvocation(ClientProxyImpl.java:683) ~[cxf-rt-rs-client-3.0.4.jar:3.0.4]
	at org.apache.cxf.jaxrs.client.ClientProxyImpl.invoke(ClientProxyImpl.java:224) ~[cxf-rt-rs-client-3.0.4.jar:3.0.4]
	at com.sun.proxy.$Proxy70.createReplicationController(Unknown Source) ~[?:?]
	at io.fabric8.kubernetes.api.KubernetesClient.createReplicationController(KubernetesClient.java:458) ~[kubernetes-api-2.2.16.jar:2.2.16]
	at org.wso2.carbon.kubernetes.tomcat.components.replication_controllers.TomcatReplicationControllerHandler.createReplicationController(TomcatReplicationControllerHandler.java:91) [classes/:?]
	at org.wso2.carbon.webartifact.WebArtifactHandler.deploy(WebArtifactHandler.java:59) [classes/:?]
	at org.wso2.carbon.Executor.process(Executor.java:136) [classes/:?]
	at org.wso2.carbon.Executor.main(Executor.java:54) [classes/:?]
	at sun.reflect.NativeMethodAccessorImpl.invoke0(Native Method) ~[?:1.7.0_79]
	at sun.reflect.NativeMethodAccessorImpl.invoke(NativeMethodAccessorImpl.java:57) ~[?:1.7.0_79]
	at sun.reflect.DelegatingMethodAccessorImpl.invoke(DelegatingMethodAccessorImpl.java:43) ~[?:1.7.0_79]
	at java.lang.reflect.Method.invoke(Method.java:606) ~[?:1.7.0_79]
	at com.intellij.rt.execution.application.AppMain.main(AppMain.java:140) [idea_rt.jar:?]
12:01:58.106 [main] DEBUG org.wso2.carbon.docker.JavaWebArtifactImageHandler - Creating new DockerClient.
12:01:58.298 [main] DEBUG org.wso2.carbon.docker.JavaWebArtifactImageHandler - Creating new DockerClient[docker-client]: com.spotify.docker.client.DefaultDockerClient@33e592d9.
12:08:30.750 [main] DEBUG org.wso2.carbon.docker.JavaWebArtifactImageHandler - Creating new DockerClient.
12:08:31.344 [main] DEBUG org.wso2.carbon.docker.JavaWebArtifactImageHandler - Creating new DockerClient[docker-client]: com.spotify.docker.client.DefaultDockerClient@33c5e45b.
12:36:13.114 [main] DEBUG org.wso2.carbon.docker.JavaWebArtifactImageHandler - Creating new DockerClient.
12:36:13.436 [main] DEBUG org.wso2.carbon.docker.JavaWebArtifactImageHandler - Creating new DockerClient[docker-client]: com.spotify.docker.client.DefaultDockerClient@3863d857.
12:39:26.233 [main] DEBUG org.wso2.carbon.kubernetes.tomcat.components.replication_controllers.TomcatReplicationControllerHandler - Deleting Kubernetes replication controller [rc-name] app-carbon-com
12:39:26.274 [main] DEBUG org.wso2.carbon.kubernetes.tomcat.components.replication_controllers.TomcatReplicationControllerHandler - Deleting Kubernetes replication controller [rc-name] app-carbon-com
12:39:26.274 [main] DEBUG org.wso2.carbon.kubernetes.tomcat.components.services.TomcatServiceHandler - Deleting Kubernetes service [service-ID] app-carbon-com
12:39:26.519 [main] DEBUG org.wso2.carbon.kubernetes.tomcat.components.services.TomcatServiceHandler - Deleted Kubernetes service [service-ID] app-carbon-com
12:39:26.519 [main] DEBUG org.wso2.carbon.kubernetes.tomcat.components.replication_controllers.TomcatReplicationControllerHandler - Creating Kubernetes replication controller [controller-name] app-carbon-com [pod-label] app-carbon-com [pod-Docker-image-name] carbon-com/app:1.0-2015-9-4-43283700
12:39:26.631 [main] DEBUG org.wso2.carbon.kubernetes.tomcat.components.replication_controllers.TomcatReplicationControllerHandler - Created Kubernetes replication controller [controller-name] app-carbon-com [pod-label] app-carbon-com [pod-Docker-image-name] carbon-com/app:1.0-2015-9-4-43283700
12:39:26.632 [main] DEBUG org.wso2.carbon.kubernetes.tomcat.components.services.TomcatServiceHandler - Creating Kubernetes service [service-ID] app-carbon-com [service-name] app-carbon-com 
12:39:26.811 [main] DEBUG org.wso2.carbon.kubernetes.tomcat.components.services.TomcatServiceHandler - Created Kubernetes service [service-ID] app-carbon-com [service-name] app-carbon-com 
12:42:40.158 [main] DEBUG org.wso2.carbon.kubernetes.tomcat.components.replication_controllers.TomcatReplicationControllerHandler - Deleting Kubernetes replication controller [rc-name] app-carbon-com
12:42:40.204 [main] DEBUG org.wso2.carbon.kubernetes.tomcat.components.replication_controllers.TomcatReplicationControllerHandler - Deleting Kubernetes replication controller [rc-name] app-carbon-com
12:42:40.204 [main] DEBUG org.wso2.carbon.kubernetes.tomcat.components.pods.TomcatPodHandler - Deleting Kubernetes replica pods.
12:42:40.674 [main] DEBUG org.wso2.carbon.kubernetes.tomcat.components.pods.TomcatPodHandler - Deleted Kubernetes replica pods.
12:42:40.674 [main] DEBUG org.wso2.carbon.kubernetes.tomcat.components.services.TomcatServiceHandler - Deleting Kubernetes service [service-ID] app-carbon-com
12:42:40.965 [main] DEBUG org.wso2.carbon.kubernetes.tomcat.components.services.TomcatServiceHandler - Deleted Kubernetes service [service-ID] app-carbon-com
13:56:30.367 [main] DEBUG org.wso2.carbon.docker.JavaWebArtifactImageHandler - Creating new DockerClient.
13:56:30.564 [main] DEBUG org.wso2.carbon.docker.JavaWebArtifactImageHandler - Creating new DockerClient[docker-client]: com.spotify.docker.client.DefaultDockerClient@369df65b.
13:58:15.473 [main] DEBUG org.wso2.carbon.docker.JavaWebArtifactImageHandler - Creating new DockerClient.
13:58:15.655 [main] DEBUG org.wso2.carbon.docker.JavaWebArtifactImageHandler - Creating new DockerClient[docker-client]: com.spotify.docker.client.DefaultDockerClient@33e592d9.
14:00:14.070 [main] DEBUG org.wso2.carbon.docker.JavaWebArtifactImageHandler - Creating new DockerClient.
14:00:14.267 [main] DEBUG org.wso2.carbon.docker.JavaWebArtifactImageHandler - Creating new DockerClient[docker-client]: com.spotify.docker.client.DefaultDockerClient@52c9a2e5.
14:01:32.132 [main] DEBUG org.wso2.carbon.docker.JavaWebArtifactImageHandler - Creating new DockerClient.
14:01:32.348 [main] DEBUG org.wso2.carbon.docker.JavaWebArtifactImageHandler - Creating new DockerClient[docker-client]: com.spotify.docker.client.DefaultDockerClient@52c9a2e5.
14:02:05.662 [main] DEBUG org.wso2.carbon.docker.JavaWebArtifactImageHandler - Creating a new Apache Tomcat based Docker image for the [web-artifact] sample.war web artifact.
14:02:06.771 [main] DEBUG org.wso2.carbon.docker.JavaWebArtifactImageHandler - Created a new Apache Tomcat based Docker image for the [web-artifact] sample.war web artifact.
14:02:08.772 [main] DEBUG org.wso2.carbon.kubernetes.tomcat.components.replication_controllers.TomcatReplicationControllerHandler - Creating Kubernetes replication controller [controller-name] app-carbon-com [pod-label] app-carbon-com [pod-Docker-image-name] carbon-com/app:1.0-2015-9-4-50525611
14:02:09.365 [main] DEBUG org.wso2.carbon.kubernetes.tomcat.components.replication_controllers.TomcatReplicationControllerHandler - Created Kubernetes replication controller [controller-name] app-carbon-com [pod-label] app-carbon-com [pod-Docker-image-name] carbon-com/app:1.0-2015-9-4-50525611
14:02:09.365 [main] DEBUG org.wso2.carbon.kubernetes.tomcat.components.services.TomcatServiceHandler - Creating Kubernetes service [service-ID] app-carbon-com [service-name] app-carbon-com 
14:02:09.914 [main] DEBUG org.wso2.carbon.kubernetes.tomcat.components.services.TomcatServiceHandler - Created Kubernetes service [service-ID] app-carbon-com [service-name] app-carbon-com 
14:04:12.552 [main] DEBUG org.wso2.carbon.kubernetes.tomcat.components.replication_controllers.TomcatReplicationControllerHandler - Deleting Kubernetes replication controller [rc-name] app-carbon-com
14:04:12.609 [main] DEBUG org.wso2.carbon.kubernetes.tomcat.components.replication_controllers.TomcatReplicationControllerHandler - Deleting Kubernetes replication controller [rc-name] app-carbon-com
14:04:12.609 [main] DEBUG org.wso2.carbon.kubernetes.tomcat.components.services.TomcatServiceHandler - Deleting Kubernetes service [service-ID] app-carbon-com
14:04:12.831 [main] DEBUG org.wso2.carbon.kubernetes.tomcat.components.services.TomcatServiceHandler - Deleted Kubernetes service [service-ID] app-carbon-com
14:04:12.831 [main] DEBUG org.wso2.carbon.kubernetes.tomcat.components.replication_controllers.TomcatReplicationControllerHandler - Creating Kubernetes replication controller [controller-name] app-carbon-com [pod-label] app-carbon-com [pod-Docker-image-name] carbon-com/app:1.0-2015-9-4-43283700
14:04:12.876 [main] DEBUG org.wso2.carbon.kubernetes.tomcat.components.replication_controllers.TomcatReplicationControllerHandler - Created Kubernetes replication controller [controller-name] app-carbon-com [pod-label] app-carbon-com [pod-Docker-image-name] carbon-com/app:1.0-2015-9-4-43283700
14:04:12.876 [main] DEBUG org.wso2.carbon.kubernetes.tomcat.components.services.TomcatServiceHandler - Creating Kubernetes service [service-ID] app-carbon-com [service-name] app-carbon-com 
14:04:13.055 [main] DEBUG org.wso2.carbon.kubernetes.tomcat.components.services.TomcatServiceHandler - Created Kubernetes service [service-ID] app-carbon-com [service-name] app-carbon-com 
14:05:40.101 [main] DEBUG org.wso2.carbon.kubernetes.tomcat.components.replication_controllers.TomcatReplicationControllerHandler - Deleting Kubernetes replication controller [rc-name] app-carbon-com
14:05:40.148 [main] DEBUG org.wso2.carbon.kubernetes.tomcat.components.replication_controllers.TomcatReplicationControllerHandler - Deleting Kubernetes replication controller [rc-name] app-carbon-com
14:05:40.148 [main] DEBUG org.wso2.carbon.kubernetes.tomcat.components.services.TomcatServiceHandler - Deleting Kubernetes service [service-ID] app-carbon-com
14:05:40.349 [main] DEBUG org.wso2.carbon.kubernetes.tomcat.components.services.TomcatServiceHandler - Deleted Kubernetes service [service-ID] app-carbon-com
14:05:40.349 [main] DEBUG org.wso2.carbon.kubernetes.tomcat.components.replication_controllers.TomcatReplicationControllerHandler - Creating Kubernetes replication controller [controller-name] app-carbon-com [pod-label] app-carbon-com [pod-Docker-image-name] carbon-com/app:1.0-2015-9-4-42353140
14:05:40.384 [main] DEBUG org.wso2.carbon.kubernetes.tomcat.components.replication_controllers.TomcatReplicationControllerHandler - Created Kubernetes replication controller [controller-name] app-carbon-com [pod-label] app-carbon-com [pod-Docker-image-name] carbon-com/app:1.0-2015-9-4-42353140
14:05:40.384 [main] DEBUG org.wso2.carbon.kubernetes.tomcat.components.services.TomcatServiceHandler - Creating Kubernetes service [service-ID] app-carbon-com [service-name] app-carbon-com 
14:05:40.562 [main] DEBUG org.wso2.carbon.kubernetes.tomcat.components.services.TomcatServiceHandler - Created Kubernetes service [service-ID] app-carbon-com [service-name] app-carbon-com 
14:06:12.284 [main] DEBUG org.wso2.carbon.kubernetes.tomcat.components.replication_controllers.TomcatReplicationControllerHandler - Deleting Kubernetes replication controller [rc-name] app-carbon-com
14:06:12.334 [main] DEBUG org.wso2.carbon.kubernetes.tomcat.components.replication_controllers.TomcatReplicationControllerHandler - Deleting Kubernetes replication controller [rc-name] app-carbon-com
14:06:12.335 [main] DEBUG org.wso2.carbon.kubernetes.tomcat.components.services.TomcatServiceHandler - Deleting Kubernetes service [service-ID] app-carbon-com
14:06:12.557 [main] DEBUG org.wso2.carbon.kubernetes.tomcat.components.services.TomcatServiceHandler - Deleted Kubernetes service [service-ID] app-carbon-com
14:06:12.557 [main] DEBUG org.wso2.carbon.kubernetes.tomcat.components.replication_controllers.TomcatReplicationControllerHandler - Creating Kubernetes replication controller [controller-name] app-carbon-com [pod-label] app-carbon-com [pod-Docker-image-name] carbon-com/app:1.0-2015-9-4-38485330
14:06:12.603 [main] DEBUG org.wso2.carbon.kubernetes.tomcat.components.replication_controllers.TomcatReplicationControllerHandler - Created Kubernetes replication controller [controller-name] app-carbon-com [pod-label] app-carbon-com [pod-Docker-image-name] carbon-com/app:1.0-2015-9-4-38485330
14:06:12.603 [main] DEBUG org.wso2.carbon.kubernetes.tomcat.components.services.TomcatServiceHandler - Creating Kubernetes service [service-ID] app-carbon-com [service-name] app-carbon-com 
14:06:12.917 [main] DEBUG org.wso2.carbon.kubernetes.tomcat.components.services.TomcatServiceHandler - Created Kubernetes service [service-ID] app-carbon-com [service-name] app-carbon-com 
14:09:02.708 [main] DEBUG org.wso2.carbon.docker.JavaWebArtifactImageHandler - Creating new DockerClient.
14:09:02.901 [main] DEBUG org.wso2.carbon.docker.JavaWebArtifactImageHandler - Creating new DockerClient[docker-client]: com.spotify.docker.client.DefaultDockerClient@3c98ec60.
13:19:50.203 [main] DEBUG org.wso2.carbon.docker.JavaWebArtifactImageHandler - Creating new DockerClient.
13:19:50.455 [main] DEBUG org.wso2.carbon.docker.JavaWebArtifactImageHandler - Creating new DockerClient[docker-client]: com.spotify.docker.client.DefaultDockerClient@75496fbd.
13:21:08.472 [main] DEBUG org.wso2.carbon.docker.JavaWebArtifactImageHandler - New Dockerfile created for /home/chiranga/WSO2CarbonIDEA/XWebAppTest/sample/sample.war.
13:21:08.474 [main] DEBUG org.wso2.carbon.docker.JavaWebArtifactImageHandler - Creating a new Apache Tomcat based Docker image for the [web-artifact] sample.war web artifact.
13:24:31.109 [main] DEBUG org.wso2.carbon.docker.JavaWebArtifactImageHandler - Created a new Apache Tomcat based Docker image for the [web-artifact] sample.war web artifact.
13:24:33.109 [main] DEBUG org.wso2.carbon.kubernetes.tomcat.components.replication_controllers.TomcatReplicationControllerHandler - Creating Kubernetes replication controller [controller-name] app-carbon-com [pod-label] app-carbon-com [pod-Docker-image-name] carbon-com/app:1.0-2015-9-5-48068421
13:24:33.813 [main] DEBUG org.wso2.carbon.kubernetes.tomcat.components.replication_controllers.TomcatReplicationControllerHandler - Created Kubernetes replication controller [controller-name] app-carbon-com [pod-label] app-carbon-com [pod-Docker-image-name] carbon-com/app:1.0-2015-9-5-48068421
13:24:33.814 [main] DEBUG org.wso2.carbon.kubernetes.tomcat.components.services.TomcatServiceHandler - Creating Kubernetes service [service-ID] app-carbon-com [service-name] app-carbon-com 
13:24:34.139 [main] DEBUG org.wso2.carbon.kubernetes.tomcat.components.services.TomcatServiceHandler - Created Kubernetes service [service-ID] app-carbon-com [service-name] app-carbon-com 
13:28:04.751 [main] DEBUG org.wso2.carbon.docker.JavaWebArtifactImageHandler - Creating a new Apache Tomcat based Docker image for the [web-artifact] sample.war web artifact.
13:28:04.836 [main] DEBUG org.wso2.carbon.docker.JavaWebArtifactImageHandler - Created a new Apache Tomcat based Docker image for the [web-artifact] sample.war web artifact.
13:28:06.836 [main] DEBUG org.wso2.carbon.kubernetes.tomcat.components.replication_controllers.TomcatReplicationControllerHandler - Creating Kubernetes replication controller [controller-name] app-carbon-com [pod-label] app-carbon-com [pod-Docker-image-name] carbon-com/app:1.0-2015-9-5-48484750
13:28:06.901 [main] ERROR org.wso2.carbon.kubernetes.tomcat.components.replication_controllers.TomcatReplicationControllerHandler - Could not create the replication controller[rc-identifier]: app-carbon-com
javax.ws.rs.WebApplicationException: HTTP 409 replicationControllers "app-carbon-com" already exists
	at io.fabric8.kubernetes.api.ExceptionResponseMapper.fromResponse(ExceptionResponseMapper.java:40) ~[kubernetes-api-2.2.16.jar:2.2.16]
	at io.fabric8.kubernetes.api.ExceptionResponseMapper.fromResponse(ExceptionResponseMapper.java:31) ~[kubernetes-api-2.2.16.jar:2.2.16]
	at org.apache.cxf.jaxrs.client.ClientProxyImpl.checkResponse(ClientProxyImpl.java:302) ~[cxf-rt-rs-client-3.0.4.jar:3.0.4]
	at org.apache.cxf.jaxrs.client.ClientProxyImpl.handleResponse(ClientProxyImpl.java:725) ~[cxf-rt-rs-client-3.0.4.jar:3.0.4]
	at org.apache.cxf.jaxrs.client.ClientProxyImpl.doChainedInvocation(ClientProxyImpl.java:683) ~[cxf-rt-rs-client-3.0.4.jar:3.0.4]
	at org.apache.cxf.jaxrs.client.ClientProxyImpl.invoke(ClientProxyImpl.java:224) ~[cxf-rt-rs-client-3.0.4.jar:3.0.4]
	at com.sun.proxy.$Proxy70.createReplicationController(Unknown Source) ~[?:?]
	at io.fabric8.kubernetes.api.KubernetesClient.createReplicationController(KubernetesClient.java:458) ~[kubernetes-api-2.2.16.jar:2.2.16]
	at org.wso2.carbon.kubernetes.tomcat.components.replication_controllers.TomcatReplicationControllerHandler.createReplicationController(TomcatReplicationControllerHandler.java:91) [classes/:?]
	at org.wso2.carbon.webartifact.WebArtifactHandler.deploy(WebArtifactHandler.java:60) [classes/:?]
	at org.wso2.carbon.Executor.process(Executor.java:156) [classes/:?]
	at org.wso2.carbon.Executor.main(Executor.java:53) [classes/:?]
	at sun.reflect.NativeMethodAccessorImpl.invoke0(Native Method) ~[?:1.7.0_79]
	at sun.reflect.NativeMethodAccessorImpl.invoke(NativeMethodAccessorImpl.java:57) ~[?:1.7.0_79]
	at sun.reflect.DelegatingMethodAccessorImpl.invoke(DelegatingMethodAccessorImpl.java:43) ~[?:1.7.0_79]
	at java.lang.reflect.Method.invoke(Method.java:606) ~[?:1.7.0_79]
	at com.intellij.rt.execution.application.AppMain.main(AppMain.java:140) [idea_rt.jar:?]
13:31:01.405 [main] DEBUG org.wso2.carbon.docker.JavaWebArtifactImageHandler - Creating new DockerClient.
13:31:01.613 [main] DEBUG org.wso2.carbon.docker.JavaWebArtifactImageHandler - Creating new DockerClient[docker-client]: com.spotify.docker.client.DefaultDockerClient@37b55ca1.
13:31:47.240 [main] DEBUG org.wso2.carbon.kubernetes.tomcat.components.replication_controllers.TomcatReplicationControllerHandler - Deleting Kubernetes replication controller [rc-name] app-carbon-com
13:31:47.769 [main] DEBUG org.wso2.carbon.kubernetes.tomcat.components.replication_controllers.TomcatReplicationControllerHandler - Deleting Kubernetes replication controller [rc-name] app-carbon-com
13:31:47.770 [main] DEBUG org.wso2.carbon.kubernetes.tomcat.components.pods.TomcatPodHandler - Deleting Kubernetes replica pods.
13:31:48.243 [main] DEBUG org.wso2.carbon.kubernetes.tomcat.components.pods.TomcatPodHandler - Deleted Kubernetes replica pods.
13:31:48.244 [main] DEBUG org.wso2.carbon.kubernetes.tomcat.components.services.TomcatServiceHandler - Deleting Kubernetes service [service-ID] app-carbon-com
13:31:48.599 [main] DEBUG org.wso2.carbon.kubernetes.tomcat.components.services.TomcatServiceHandler - Deleted Kubernetes service [service-ID] app-carbon-com
13:33:58.384 [main] DEBUG org.wso2.carbon.docker.JavaWebArtifactImageHandler - Creating a new Apache Tomcat based Docker image for the [web-artifact] sample.war web artifact.
13:33:59.528 [main] DEBUG org.wso2.carbon.docker.JavaWebArtifactImageHandler - Created a new Apache Tomcat based Docker image for the [web-artifact] sample.war web artifact.
13:34:01.529 [main] DEBUG org.wso2.carbon.kubernetes.tomcat.components.replication_controllers.TomcatReplicationControllerHandler - Creating Kubernetes replication controller [controller-name] app-carbon-com [pod-label] app-carbon-com [pod-Docker-image-name] carbon-com/app:1.0-2015-9-5-48838328
13:34:01.651 [main] DEBUG org.wso2.carbon.kubernetes.tomcat.components.replication_controllers.TomcatReplicationControllerHandler - Created Kubernetes replication controller [controller-name] app-carbon-com [pod-label] app-carbon-com [pod-Docker-image-name] carbon-com/app:1.0-2015-9-5-48838328
13:34:01.651 [main] DEBUG org.wso2.carbon.kubernetes.tomcat.components.services.TomcatServiceHandler - Creating Kubernetes service [service-ID] app-carbon-com [service-name] app-carbon-com 
13:34:01.886 [main] DEBUG org.wso2.carbon.kubernetes.tomcat.components.services.TomcatServiceHandler - Created Kubernetes service [service-ID] app-carbon-com [service-name] app-carbon-com 
13:38:45.521 [main] DEBUG org.wso2.carbon.docker.JavaWebArtifactImageHandler - Creating new DockerClient.
13:38:45.728 [main] DEBUG org.wso2.carbon.docker.JavaWebArtifactImageHandler - Creating new DockerClient[docker-client]: com.spotify.docker.client.DefaultDockerClient@63d46a99.
13:45:46.618 [main] DEBUG org.wso2.carbon.docker.JavaWebArtifactImageHandler - Creating new DockerClient.
13:45:47.160 [main] DEBUG org.wso2.carbon.docker.JavaWebArtifactImageHandler - Creating new DockerClient[docker-client]: com.spotify.docker.client.DefaultDockerClient@5c576b3d.
13:47:32.207 [main] DEBUG org.wso2.carbon.docker.JavaWebArtifactImageHandler - Creating new DockerClient.
13:47:32.734 [main] DEBUG org.wso2.carbon.docker.JavaWebArtifactImageHandler - Creating new DockerClient[docker-client]: com.spotify.docker.client.DefaultDockerClient@5087f4d0.
13:47:46.144 [main] DEBUG org.wso2.carbon.docker.JavaWebArtifactImageHandler - Creating new DockerClient.
13:47:46.694 [main] DEBUG org.wso2.carbon.docker.JavaWebArtifactImageHandler - Creating new DockerClient[docker-client]: com.spotify.docker.client.DefaultDockerClient@42422c1.
13:49:44.174 [main] DEBUG org.wso2.carbon.docker.JavaWebArtifactImageHandler - Creating new DockerClient.
13:49:44.696 [main] DEBUG org.wso2.carbon.docker.JavaWebArtifactImageHandler - Creating new DockerClient[docker-client]: com.spotify.docker.client.DefaultDockerClient@42422c1.
13:50:03.430 [main] DEBUG org.wso2.carbon.docker.JavaWebArtifactImageHandler - Creating new DockerClient.
13:50:03.986 [main] DEBUG org.wso2.carbon.docker.JavaWebArtifactImageHandler - Creating new DockerClient[docker-client]: com.spotify.docker.client.DefaultDockerClient@7af4e544.
13:50:22.342 [main] DEBUG org.wso2.carbon.docker.JavaWebArtifactImageHandler - Creating new DockerClient.
13:50:22.904 [main] DEBUG org.wso2.carbon.docker.JavaWebArtifactImageHandler - Creating new DockerClient[docker-client]: com.spotify.docker.client.DefaultDockerClient@3381a3ba.
13:51:18.139 [main] DEBUG org.wso2.carbon.docker.JavaWebArtifactImageHandler - Creating new DockerClient.
13:51:18.691 [main] DEBUG org.wso2.carbon.docker.JavaWebArtifactImageHandler - Creating new DockerClient[docker-client]: com.spotify.docker.client.DefaultDockerClient@33c5e45b.
13:51:31.839 [main] DEBUG org.wso2.carbon.docker.JavaWebArtifactImageHandler - Creating new DockerClient.
13:51:32.360 [main] DEBUG org.wso2.carbon.docker.JavaWebArtifactImageHandler - Creating new DockerClient[docker-client]: com.spotify.docker.client.DefaultDockerClient@3381a3ba.
13:51:52.388 [main] DEBUG org.wso2.carbon.docker.JavaWebArtifactImageHandler - Creating new DockerClient.
13:51:52.909 [main] DEBUG org.wso2.carbon.docker.JavaWebArtifactImageHandler - Creating new DockerClient[docker-client]: com.spotify.docker.client.DefaultDockerClient@2de9fae7.
13:52:08.831 [main] DEBUG org.wso2.carbon.docker.JavaWebArtifactImageHandler - Creating new DockerClient.
13:52:09.511 [main] DEBUG org.wso2.carbon.docker.JavaWebArtifactImageHandler - Creating new DockerClient[docker-client]: com.spotify.docker.client.DefaultDockerClient@6065af06.
13:52:51.270 [main] DEBUG org.wso2.carbon.docker.JavaWebArtifactImageHandler - Creating new DockerClient.
13:52:51.782 [main] DEBUG org.wso2.carbon.docker.JavaWebArtifactImageHandler - Creating new DockerClient[docker-client]: com.spotify.docker.client.DefaultDockerClient@63f8126c.
14:02:24.851 [main] DEBUG org.wso2.carbon.docker.JavaWebArtifactImageHandler - Creating new DockerClient.
14:02:25.080 [main] DEBUG org.wso2.carbon.docker.JavaWebArtifactImageHandler - Creating new DockerClient[docker-client]: com.spotify.docker.client.DefaultDockerClient@54de7dad.
14:03:34.849 [main] DEBUG org.wso2.carbon.kubernetes.tomcat.components.replication_controllers.TomcatReplicationControllerHandler - Deleting Kubernetes replication controller [rc-name] app-carbon-com
14:03:34.904 [main] DEBUG org.wso2.carbon.kubernetes.tomcat.components.replication_controllers.TomcatReplicationControllerHandler - Deleting Kubernetes replication controller [rc-name] app-carbon-com
14:03:34.905 [main] DEBUG org.wso2.carbon.kubernetes.tomcat.components.services.TomcatServiceHandler - Deleting Kubernetes service [service-ID] app-carbon-com
14:03:35.194 [main] DEBUG org.wso2.carbon.kubernetes.tomcat.components.services.TomcatServiceHandler - Deleted Kubernetes service [service-ID] app-carbon-com
14:03:35.195 [main] DEBUG org.wso2.carbon.kubernetes.tomcat.components.replication_controllers.TomcatReplicationControllerHandler - Creating Kubernetes replication controller [controller-name] app-carbon-com [pod-label] app-carbon-com [pod-Docker-image-name] carbon-com/app:1.0-2015-9-5-48484750
14:03:35.328 [main] DEBUG org.wso2.carbon.kubernetes.tomcat.components.replication_controllers.TomcatReplicationControllerHandler - Created Kubernetes replication controller [controller-name] app-carbon-com [pod-label] app-carbon-com [pod-Docker-image-name] carbon-com/app:1.0-2015-9-5-48484750
14:03:35.328 [main] DEBUG org.wso2.carbon.kubernetes.tomcat.components.services.TomcatServiceHandler - Creating Kubernetes service [service-ID] app-carbon-com [service-name] app-carbon-com 
14:03:35.519 [main] DEBUG org.wso2.carbon.kubernetes.tomcat.components.services.TomcatServiceHandler - Created Kubernetes service [service-ID] app-carbon-com [service-name] app-carbon-com 
14:05:03.323 [main] DEBUG org.wso2.carbon.kubernetes.tomcat.components.replication_controllers.TomcatReplicationControllerHandler - Deleting Kubernetes replication controller [rc-name] app-carbon-com
14:05:03.367 [main] DEBUG org.wso2.carbon.kubernetes.tomcat.components.replication_controllers.TomcatReplicationControllerHandler - Deleting Kubernetes replication controller [rc-name] app-carbon-com
14:05:03.368 [main] DEBUG org.wso2.carbon.kubernetes.tomcat.components.services.TomcatServiceHandler - Deleting Kubernetes service [service-ID] app-carbon-com
14:05:03.602 [main] DEBUG org.wso2.carbon.kubernetes.tomcat.components.services.TomcatServiceHandler - Deleted Kubernetes service [service-ID] app-carbon-com
14:05:03.602 [main] DEBUG org.wso2.carbon.kubernetes.tomcat.components.replication_controllers.TomcatReplicationControllerHandler - Creating Kubernetes replication controller [controller-name] app-carbon-com [pod-label] app-carbon-com [pod-Docker-image-name] carbon-com/app:1.0-2015-9-5-48068421
14:05:03.657 [main] DEBUG org.wso2.carbon.kubernetes.tomcat.components.replication_controllers.TomcatReplicationControllerHandler - Created Kubernetes replication controller [controller-name] app-carbon-com [pod-label] app-carbon-com [pod-Docker-image-name] carbon-com/app:1.0-2015-9-5-48068421
14:05:03.658 [main] DEBUG org.wso2.carbon.kubernetes.tomcat.components.services.TomcatServiceHandler - Creating Kubernetes service [service-ID] app-carbon-com [service-name] app-carbon-com 
14:05:03.836 [main] DEBUG org.wso2.carbon.kubernetes.tomcat.components.services.TomcatServiceHandler - Created Kubernetes service [service-ID] app-carbon-com [service-name] app-carbon-com 
14:05:31.118 [main] DEBUG org.wso2.carbon.kubernetes.tomcat.components.replication_controllers.TomcatReplicationControllerHandler - Deleting Kubernetes replication controller [rc-name] app-carbon-com
14:05:31.173 [main] DEBUG org.wso2.carbon.kubernetes.tomcat.components.replication_controllers.TomcatReplicationControllerHandler - Deleting Kubernetes replication controller [rc-name] app-carbon-com
14:05:31.173 [main] DEBUG org.wso2.carbon.kubernetes.tomcat.components.pods.TomcatPodHandler - Deleting Kubernetes replica pods.
14:05:31.566 [main] DEBUG org.wso2.carbon.kubernetes.tomcat.components.pods.TomcatPodHandler - Deleted Kubernetes replica pods.
14:05:31.566 [main] DEBUG org.wso2.carbon.kubernetes.tomcat.components.services.TomcatServiceHandler - Deleting Kubernetes service [service-ID] app-carbon-com
14:05:31.912 [main] DEBUG org.wso2.carbon.kubernetes.tomcat.components.services.TomcatServiceHandler - Deleted Kubernetes service [service-ID] app-carbon-com
14:06:51.426 [main] DEBUG org.wso2.carbon.docker.JavaWebArtifactImageHandler - Creating new DockerClient.
14:06:51.605 [main] DEBUG org.wso2.carbon.docker.JavaWebArtifactImageHandler - Creating new DockerClient[docker-client]: com.spotify.docker.client.DefaultDockerClient@28471d73.
14:07:24.383 [main] DEBUG org.wso2.carbon.docker.JavaWebArtifactImageHandler - Creating a new Apache Tomcat based Docker image for the [web-artifact] sample.war web artifact.
14:07:25.547 [main] DEBUG org.wso2.carbon.docker.JavaWebArtifactImageHandler - Created a new Apache Tomcat based Docker image for the [web-artifact] sample.war web artifact.
14:07:27.548 [main] DEBUG org.wso2.carbon.kubernetes.tomcat.components.replication_controllers.TomcatReplicationControllerHandler - Creating Kubernetes replication controller [controller-name] app-carbon-com [pod-label] app-carbon-com [pod-Docker-image-name] carbon-com/app:1.0-2015-9-5-50844331
14:07:28.127 [main] DEBUG org.wso2.carbon.kubernetes.tomcat.components.replication_controllers.TomcatReplicationControllerHandler - Created Kubernetes replication controller [controller-name] app-carbon-com [pod-label] app-carbon-com [pod-Docker-image-name] carbon-com/app:1.0-2015-9-5-50844331
14:07:28.127 [main] DEBUG org.wso2.carbon.kubernetes.tomcat.components.services.TomcatServiceHandler - Creating Kubernetes service [service-ID] app-carbon-com [service-name] app-carbon-com 
14:07:28.645 [main] DEBUG org.wso2.carbon.kubernetes.tomcat.components.services.TomcatServiceHandler - Created Kubernetes service [service-ID] app-carbon-com [service-name] app-carbon-com 
14:17:27.787 [main] DEBUG org.wso2.carbon.docker.JavaWebArtifactImageHandler - Creating new DockerClient.
14:17:27.983 [main] DEBUG org.wso2.carbon.docker.JavaWebArtifactImageHandler - Creating new DockerClient[docker-client]: com.spotify.docker.client.DefaultDockerClient@28471d73.
14:17:50.110 [main] DEBUG org.wso2.carbon.kubernetes.tomcat.components.replication_controllers.TomcatReplicationControllerHandler - Deleting Kubernetes replication controller [rc-name] app-carbon-com
14:17:50.639 [main] DEBUG org.wso2.carbon.kubernetes.tomcat.components.replication_controllers.TomcatReplicationControllerHandler - Deleting Kubernetes replication controller [rc-name] app-carbon-com
14:17:50.640 [main] DEBUG org.wso2.carbon.kubernetes.tomcat.components.pods.TomcatPodHandler - Deleting Kubernetes replica pods.
14:17:51.252 [main] DEBUG org.wso2.carbon.kubernetes.tomcat.components.pods.TomcatPodHandler - Deleted Kubernetes replica pods.
14:17:51.253 [main] DEBUG org.wso2.carbon.kubernetes.tomcat.components.services.TomcatServiceHandler - Deleting Kubernetes service [service-ID] app-carbon-com
14:17:51.631 [main] DEBUG org.wso2.carbon.kubernetes.tomcat.components.services.TomcatServiceHandler - Deleted Kubernetes service [service-ID] app-carbon-com
14:18:09.741 [main] DEBUG org.wso2.carbon.docker.JavaWebArtifactImageHandler - Creating a new Apache Tomcat based Docker image for the [web-artifact] sample.war web artifact.
14:18:10.826 [main] DEBUG org.wso2.carbon.docker.JavaWebArtifactImageHandler - Created a new Apache Tomcat based Docker image for the [web-artifact] sample.war web artifact.
14:18:12.826 [main] DEBUG org.wso2.carbon.kubernetes.tomcat.components.replication_controllers.TomcatReplicationControllerHandler - Creating Kubernetes replication controller [controller-name] app-carbon-com [pod-label] app-carbon-com [pod-Docker-image-name] carbon-com/app:1.0-2015-9-5-51489680
14:18:12.940 [main] DEBUG org.wso2.carbon.kubernetes.tomcat.components.replication_controllers.TomcatReplicationControllerHandler - Created Kubernetes replication controller [controller-name] app-carbon-com [pod-label] app-carbon-com [pod-Docker-image-name] carbon-com/app:1.0-2015-9-5-51489680
14:18:12.940 [main] DEBUG org.wso2.carbon.kubernetes.tomcat.components.services.TomcatServiceHandler - Creating Kubernetes service [service-ID] app-carbon-com [service-name] app-carbon-com 
14:18:13.164 [main] DEBUG org.wso2.carbon.kubernetes.tomcat.components.services.TomcatServiceHandler - Created Kubernetes service [service-ID] app-carbon-com [service-name] app-carbon-com 
14:20:30.930 [main] DEBUG org.wso2.carbon.kubernetes.tomcat.components.replication_controllers.TomcatReplicationControllerHandler - Deleting Kubernetes replication controller [rc-name] app-carbon-com
14:20:31.043 [main] DEBUG org.wso2.carbon.kubernetes.tomcat.components.replication_controllers.TomcatReplicationControllerHandler - Deleting Kubernetes replication controller [rc-name] app-carbon-com
14:20:31.043 [main] DEBUG org.wso2.carbon.kubernetes.tomcat.components.services.TomcatServiceHandler - Deleting Kubernetes service [service-ID] app-carbon-com
14:20:31.266 [main] DEBUG org.wso2.carbon.kubernetes.tomcat.components.services.TomcatServiceHandler - Deleted Kubernetes service [service-ID] app-carbon-com
14:20:31.266 [main] DEBUG org.wso2.carbon.kubernetes.tomcat.components.replication_controllers.TomcatReplicationControllerHandler - Creating Kubernetes replication controller [controller-name] app-carbon-com [pod-label] app-carbon-com [pod-Docker-image-name] carbon-com/app:1.0-2015-9-5-48484750
14:20:31.311 [main] DEBUG org.wso2.carbon.kubernetes.tomcat.components.replication_controllers.TomcatReplicationControllerHandler - Created Kubernetes replication controller [controller-name] app-carbon-com [pod-label] app-carbon-com [pod-Docker-image-name] carbon-com/app:1.0-2015-9-5-48484750
14:20:31.311 [main] DEBUG org.wso2.carbon.kubernetes.tomcat.components.services.TomcatServiceHandler - Creating Kubernetes service [service-ID] app-carbon-com [service-name] app-carbon-com 
14:20:31.535 [main] DEBUG org.wso2.carbon.kubernetes.tomcat.components.services.TomcatServiceHandler - Created Kubernetes service [service-ID] app-carbon-com [service-name] app-carbon-com 
14:29:49.975 [main] DEBUG org.wso2.carbon.kubernetes.tomcat.components.replication_controllers.TomcatReplicationControllerHandler - Deleting Kubernetes replication controller [rc-name] helloworld-rc
14:29:50.559 [main] ERROR org.wso2.carbon.kubernetes.tomcat.components.replication_controllers.TomcatReplicationControllerHandler - Could not delete the replication controller[rc-identifier]: helloworld-rc
javax.ws.rs.WebApplicationException: HTTP 404 replicationControllers "helloworld-rc" not found
	at io.fabric8.kubernetes.api.ExceptionResponseMapper.fromResponse(ExceptionResponseMapper.java:40) ~[kubernetes-api-2.2.16.jar:2.2.16]
	at io.fabric8.kubernetes.api.ExceptionResponseMapper.fromResponse(ExceptionResponseMapper.java:31) ~[kubernetes-api-2.2.16.jar:2.2.16]
	at org.apache.cxf.jaxrs.client.ClientProxyImpl.checkResponse(ClientProxyImpl.java:302) ~[cxf-rt-rs-client-3.0.4.jar:3.0.4]
	at org.apache.cxf.jaxrs.client.ClientProxyImpl.handleResponse(ClientProxyImpl.java:725) ~[cxf-rt-rs-client-3.0.4.jar:3.0.4]
	at org.apache.cxf.jaxrs.client.ClientProxyImpl.doChainedInvocation(ClientProxyImpl.java:683) ~[cxf-rt-rs-client-3.0.4.jar:3.0.4]
	at org.apache.cxf.jaxrs.client.ClientProxyImpl.invoke(ClientProxyImpl.java:224) ~[cxf-rt-rs-client-3.0.4.jar:3.0.4]
	at com.sun.proxy.$Proxy37.deleteReplicationController(Unknown Source) ~[?:?]
	at io.fabric8.kubernetes.api.KubernetesClient.deleteReplicationController(KubernetesClient.java:241) ~[kubernetes-api-2.2.16.jar:2.2.16]
	at org.wso2.carbon.kubernetes.tomcat.components.replication_controllers.TomcatReplicationControllerHandler.deleteReplicationController(TomcatReplicationControllerHandler.java:150) [classes/:?]
	at org.wso2.carbon.kubernetes.tomcat.KubernetesTester.main(KubernetesTester.java:40) [test-classes/:?]
	at sun.reflect.NativeMethodAccessorImpl.invoke0(Native Method) ~[?:1.7.0_79]
	at sun.reflect.NativeMethodAccessorImpl.invoke(NativeMethodAccessorImpl.java:57) ~[?:1.7.0_79]
	at sun.reflect.DelegatingMethodAccessorImpl.invoke(DelegatingMethodAccessorImpl.java:43) ~[?:1.7.0_79]
	at java.lang.reflect.Method.invoke(Method.java:606) ~[?:1.7.0_79]
	at com.intellij.rt.execution.application.AppMain.main(AppMain.java:140) [idea_rt.jar:?]
14:30:05.684 [main] DEBUG org.wso2.carbon.docker.JavaWebArtifactImageHandler - Creating new DockerClient.
14:30:05.896 [main] DEBUG org.wso2.carbon.docker.JavaWebArtifactImageHandler - Creating new DockerClient[docker-client]: com.spotify.docker.client.DefaultDockerClient@5b0d1462.
14:30:19.543 [main] DEBUG org.wso2.carbon.kubernetes.tomcat.components.replication_controllers.TomcatReplicationControllerHandler - Deleting Kubernetes replication controller [rc-name] app-carbon-com
14:30:20.026 [main] DEBUG org.wso2.carbon.kubernetes.tomcat.components.replication_controllers.TomcatReplicationControllerHandler - Deleting Kubernetes replication controller [rc-name] app-carbon-com
14:30:20.026 [main] DEBUG org.wso2.carbon.kubernetes.tomcat.components.pods.TomcatPodHandler - Deleting Kubernetes replica pods.
14:30:20.698 [main] DEBUG org.wso2.carbon.kubernetes.tomcat.components.pods.TomcatPodHandler - Deleted Kubernetes replica pods.
14:30:20.699 [main] DEBUG org.wso2.carbon.kubernetes.tomcat.components.services.TomcatServiceHandler - Deleting Kubernetes service [service-ID] app-carbon-com
14:30:21.089 [main] DEBUG org.wso2.carbon.kubernetes.tomcat.components.services.TomcatServiceHandler - Deleted Kubernetes service [service-ID] app-carbon-com
14:34:11.878 [main] DEBUG org.wso2.carbon.kubernetes.tomcat.components.replication_controllers.TomcatReplicationControllerHandler - Creating Kubernetes replication controller [controller-name] sample-rc [pod-label] helloworld [pod-Docker-image-name] carbon-com/app:1.0-2015-9-5-51489680
14:34:12.634 [main] DEBUG org.wso2.carbon.kubernetes.tomcat.components.replication_controllers.TomcatReplicationControllerHandler - Created Kubernetes replication controller [controller-name] sample-rc [pod-label] helloworld [pod-Docker-image-name] carbon-com/app:1.0-2015-9-5-51489680
14:44:40.197 [main] DEBUG org.wso2.carbon.docker.JavaWebArtifactImageHandler - Creating new DockerClient.
14:44:40.418 [main] DEBUG org.wso2.carbon.docker.JavaWebArtifactImageHandler - Creating new DockerClient[docker-client]: com.spotify.docker.client.DefaultDockerClient@54de7dad.
14:47:06.205 [main] DEBUG org.wso2.carbon.kubernetes.tomcat.components.replication_controllers.TomcatReplicationControllerHandler - Deleting Kubernetes replication controller [rc-name] sample-rc
14:47:06.778 [main] DEBUG org.wso2.carbon.kubernetes.tomcat.components.replication_controllers.TomcatReplicationControllerHandler - Deleting Kubernetes replication controller [rc-name] sample-rc
14:47:24.903 [main] DEBUG org.wso2.carbon.docker.JavaWebArtifactImageHandler - Creating new DockerClient.
14:47:25.123 [main] DEBUG org.wso2.carbon.docker.JavaWebArtifactImageHandler - Creating new DockerClient[docker-client]: com.spotify.docker.client.DefaultDockerClient@357ab823.
14:47:49.426 [main] DEBUG org.wso2.carbon.docker.JavaWebArtifactImageHandler - Creating a new Apache Tomcat based Docker image for the [web-artifact] sample.war web artifact.
14:47:50.589 [main] DEBUG org.wso2.carbon.docker.JavaWebArtifactImageHandler - Created a new Apache Tomcat based Docker image for the [web-artifact] sample.war web artifact.
14:47:52.590 [main] DEBUG org.wso2.carbon.kubernetes.tomcat.components.replication_controllers.TomcatReplicationControllerHandler - Creating Kubernetes replication controller [controller-name] app-carbon-com [pod-label] app-carbon-com [pod-Docker-image-name] carbon-com/app:1.0-2015-9-5-53269374
14:47:53.156 [main] DEBUG org.wso2.carbon.kubernetes.tomcat.components.replication_controllers.TomcatReplicationControllerHandler - Created Kubernetes replication controller [controller-name] app-carbon-com [pod-label] app-carbon-com [pod-Docker-image-name] carbon-com/app:1.0-2015-9-5-53269374
14:47:53.156 [main] DEBUG org.wso2.carbon.kubernetes.tomcat.components.services.TomcatServiceHandler - Creating Kubernetes service [service-ID] app-carbon-com [service-name] app-carbon-com 
14:47:53.673 [main] DEBUG org.wso2.carbon.kubernetes.tomcat.components.services.TomcatServiceHandler - Created Kubernetes service [service-ID] app-carbon-com [service-name] app-carbon-com 
14:56:18.489 [main] DEBUG org.wso2.carbon.docker.JavaWebArtifactImageHandler - Creating new DockerClient.
14:56:18.692 [main] DEBUG org.wso2.carbon.docker.JavaWebArtifactImageHandler - Creating new DockerClient[docker-client]: com.spotify.docker.client.DefaultDockerClient@5b0d1462.
14:58:55.736 [main] DEBUG org.wso2.carbon.docker.JavaWebArtifactImageHandler - Creating new DockerClient.
14:58:55.944 [main] DEBUG org.wso2.carbon.docker.JavaWebArtifactImageHandler - Creating new DockerClient[docker-client]: com.spotify.docker.client.DefaultDockerClient@54de7dad.
15:01:03.010 [main] DEBUG org.wso2.carbon.docker.JavaWebArtifactImageHandler - Creating new DockerClient.
15:01:03.242 [main] DEBUG org.wso2.carbon.docker.JavaWebArtifactImageHandler - Creating new DockerClient[docker-client]: com.spotify.docker.client.DefaultDockerClient@54de7dad.
15:01:26.409 [main] DEBUG org.wso2.carbon.docker.JavaWebArtifactImageHandler - Creating new DockerClient.
15:01:26.618 [main] DEBUG org.wso2.carbon.docker.JavaWebArtifactImageHandler - Creating new DockerClient[docker-client]: com.spotify.docker.client.DefaultDockerClient@54de7dad.
15:01:38.809 [main] DEBUG org.wso2.carbon.kubernetes.tomcat.components.replication_controllers.TomcatReplicationControllerHandler - Deleting Kubernetes replication controller [rc-name] app-carbon-com
15:01:39.400 [main] DEBUG org.wso2.carbon.kubernetes.tomcat.components.replication_controllers.TomcatReplicationControllerHandler - Deleting Kubernetes replication controller [rc-name] app-carbon-com
15:01:39.401 [main] DEBUG org.wso2.carbon.kubernetes.tomcat.components.pods.TomcatPodHandler - Deleting Kubernetes replica pods.
15:01:39.806 [main] DEBUG org.wso2.carbon.kubernetes.tomcat.components.pods.TomcatPodHandler - Deleted Kubernetes replica pods.
15:01:39.806 [main] DEBUG org.wso2.carbon.kubernetes.tomcat.components.services.TomcatServiceHandler - Deleting Kubernetes service [service-ID] app-carbon-com
15:01:40.171 [main] DEBUG org.wso2.carbon.kubernetes.tomcat.components.services.TomcatServiceHandler - Deleted Kubernetes service [service-ID] app-carbon-com
18:54:32.342 [main] DEBUG org.wso2.carbon.docker.JavaWebArtifactImageHandler - Creating new DockerClient.
18:54:33.078 [main] DEBUG org.wso2.carbon.docker.JavaWebArtifactImageHandler - Creating new DockerClient[docker-client]: com.spotify.docker.client.DefaultDockerClient@1222ee17.
18:55:15.882 [main] DEBUG org.wso2.carbon.docker.JavaWebArtifactImageHandler - Creating a new Apache Tomcat based Docker image for the [web-artifact] sample.war web artifact.
18:55:18.077 [main] DEBUG org.wso2.carbon.docker.JavaWebArtifactImageHandler - Created a new Apache Tomcat based Docker image for the [web-artifact] sample.war web artifact.
18:55:20.078 [main] DEBUG org.wso2.carbon.kubernetes.tomcat.components.replication_controllers.TomcatReplicationControllerHandler - Creating Kubernetes replication controller [controller-name] app-carbon-com [pod-label] app-carbon-com [pod-Docker-image-name] carbon-com/app:1.0-2015-9-5-68115805
18:55:21.234 [main] DEBUG org.wso2.carbon.kubernetes.tomcat.components.replication_controllers.TomcatReplicationControllerHandler - Created Kubernetes replication controller [controller-name] app-carbon-com [pod-label] app-carbon-com [pod-Docker-image-name] carbon-com/app:1.0-2015-9-5-68115805
18:55:21.235 [main] DEBUG org.wso2.carbon.kubernetes.tomcat.components.services.TomcatServiceHandler - Creating Kubernetes service [service-ID] app-carbon-com [service-name] app-carbon-com 
18:55:21.607 [main] DEBUG org.wso2.carbon.kubernetes.tomcat.components.services.TomcatServiceHandler - Created Kubernetes service [service-ID] app-carbon-com [service-name] app-carbon-com 
18:57:08.016 [main] DEBUG org.wso2.carbon.kubernetes.tomcat.components.replication_controllers.TomcatReplicationControllerHandler - Deleting Kubernetes replication controller [rc-name] app-carbon-com
18:57:08.071 [main] DEBUG org.wso2.carbon.kubernetes.tomcat.components.replication_controllers.TomcatReplicationControllerHandler - Deleting Kubernetes replication controller [rc-name] app-carbon-com
18:57:08.071 [main] DEBUG org.wso2.carbon.kubernetes.tomcat.components.services.TomcatServiceHandler - Deleting Kubernetes service [service-ID] app-carbon-com
18:57:08.294 [main] DEBUG org.wso2.carbon.kubernetes.tomcat.components.services.TomcatServiceHandler - Deleted Kubernetes service [service-ID] app-carbon-com
18:57:08.294 [main] DEBUG org.wso2.carbon.kubernetes.tomcat.components.replication_controllers.TomcatReplicationControllerHandler - Creating Kubernetes replication controller [controller-name] app-carbon-com [pod-label] app-carbon-com [pod-Docker-image-name] carbon-com/app:1.0-2015-9-5-48838328
18:57:08.350 [main] DEBUG org.wso2.carbon.kubernetes.tomcat.components.replication_controllers.TomcatReplicationControllerHandler - Created Kubernetes replication controller [controller-name] app-carbon-com [pod-label] app-carbon-com [pod-Docker-image-name] carbon-com/app:1.0-2015-9-5-48838328
18:57:08.350 [main] DEBUG org.wso2.carbon.kubernetes.tomcat.components.services.TomcatServiceHandler - Creating Kubernetes service [service-ID] app-carbon-com [service-name] app-carbon-com 
18:57:08.531 [main] DEBUG org.wso2.carbon.kubernetes.tomcat.components.services.TomcatServiceHandler - Created Kubernetes service [service-ID] app-carbon-com [service-name] app-carbon-com 
18:57:42.940 [main] DEBUG org.wso2.carbon.kubernetes.tomcat.components.replication_controllers.TomcatReplicationControllerHandler - Deleting Kubernetes replication controller [rc-name] app-carbon-com
18:57:43.000 [main] DEBUG org.wso2.carbon.kubernetes.tomcat.components.replication_controllers.TomcatReplicationControllerHandler - Deleting Kubernetes replication controller [rc-name] app-carbon-com
18:57:43.000 [main] DEBUG org.wso2.carbon.kubernetes.tomcat.components.pods.TomcatPodHandler - Deleting Kubernetes replica pods.
18:57:43.481 [main] DEBUG org.wso2.carbon.kubernetes.tomcat.components.pods.TomcatPodHandler - Deleted Kubernetes replica pods.
18:57:43.482 [main] DEBUG org.wso2.carbon.kubernetes.tomcat.components.services.TomcatServiceHandler - Deleting Kubernetes service [service-ID] app-carbon-com
18:57:43.948 [main] DEBUG org.wso2.carbon.kubernetes.tomcat.components.services.TomcatServiceHandler - Deleted Kubernetes service [service-ID] app-carbon-com
